<?xml version="1.0" encoding="UTF-8"?>
<!-- Generated by org.testng.reporters.JUnitReportReporter -->
<testsuite hostname="L-INE-CBRCQG3" failures="0" tests="6" name="testRunner.RunnerClass" time="89.222" errors="0" timestamp="2025-01-15T11:56:18 IST" skipped="0">
  <testcase classname="testRunner.RunnerClass" name="runScenario" time="14.728"/>
  <testcase classname="testRunner.RunnerClass" name="runScenario" time="11.149"/>
  <testcase classname="testRunner.RunnerClass" name="runScenario" time="16.176"/>
  <testcase classname="testRunner.RunnerClass" name="runScenario" time="15.594"/>
  <testcase classname="testRunner.RunnerClass" name="runScenario" time="17.257"/>
  <testcase classname="testRunner.RunnerClass" name="runScenario" time="14.318"/>
</testsuite> <!-- testRunner.RunnerClass -->
