<?xml version="1.0" encoding="UTF-8"?>
<!-- Generated by org.testng.reporters.JUnitReportReporter -->
<testsuite hostname="L-INE-CBRCQG3" failures="0" tests="28" name="testRunner.RunnerClass" time="296.706" errors="0" timestamp="2025-01-17T11:14:39 IST" skipped="0">
  <testcase classname="testRunner.RunnerClass" name="runScenario" time="3.774"/>
  <testcase classname="testRunner.RunnerClass" name="runScenario" time="12.305"/>
  <testcase classname="testRunner.RunnerClass" name="runScenario" time="18.020"/>
  <testcase classname="testRunner.RunnerClass" name="runScenario" time="18.078"/>
  <testcase classname="testRunner.RunnerClass" name="runScenario" time="14.178"/>
  <testcase classname="testRunner.RunnerClass" name="runScenario" time="7.906"/>
  <testcase classname="testRunner.RunnerClass" name="runScenario" time="4.046"/>
  <testcase classname="testRunner.RunnerClass" name="runScenario" time="9.195"/>
  <testcase classname="testRunner.RunnerClass" name="runScenario" time="3.788"/>
  <testcase classname="testRunner.RunnerClass" name="runScenario" time="13.143"/>
  <testcase classname="testRunner.RunnerClass" name="runScenario" time="18.028"/>
  <testcase classname="testRunner.RunnerClass" name="runScenario" time="11.680"/>
  <testcase classname="testRunner.RunnerClass" name="runScenario" time="3.828"/>
  <testcase classname="testRunner.RunnerClass" name="runScenario" time="18.842"/>
  <testcase classname="testRunner.RunnerClass" name="runScenario" time="3.882"/>
  <testcase classname="testRunner.RunnerClass" name="runScenario" time="11.940"/>
  <testcase classname="testRunner.RunnerClass" name="runScenario" time="3.042"/>
  <testcase classname="testRunner.RunnerClass" name="runScenario" time="4.525"/>
  <testcase classname="testRunner.RunnerClass" name="runScenario" time="11.606"/>
  <testcase classname="testRunner.RunnerClass" name="runScenario" time="8.667"/>
  <testcase classname="testRunner.RunnerClass" name="runScenario" time="11.717"/>
  <testcase classname="testRunner.RunnerClass" name="runScenario" time="3.877"/>
  <testcase classname="testRunner.RunnerClass" name="runScenario" time="17.896"/>
  <testcase classname="testRunner.RunnerClass" name="runScenario" time="7.280"/>
  <testcase classname="testRunner.RunnerClass" name="runScenario" time="18.032"/>
  <testcase classname="testRunner.RunnerClass" name="runScenario" time="8.918"/>
  <testcase classname="testRunner.RunnerClass" name="runScenario" time="9.890"/>
  <testcase classname="testRunner.RunnerClass" name="runScenario" time="18.623"/>
</testsuite> <!-- testRunner.RunnerClass -->
