<?xml version="1.0" encoding="UTF-8"?>
<!-- Generated by org.testng.reporters.JUnitReportReporter -->
<testsuite hostname="TVDI-018" failures="0" tests="9" name="testRunner.RunnerClass" time="96.511" errors="0" timestamp="2025-01-07T12:58:03 IST" skipped="0">
  <testcase classname="testRunner.RunnerClass" name="runScenario" time="15.725"/>
  <testcase classname="testRunner.RunnerClass" name="runScenario" time="15.174"/>
  <testcase classname="testRunner.RunnerClass" name="runScenario" time="15.331"/>
  <testcase classname="testRunner.RunnerClass" name="runScenario" time="4.106"/>
  <testcase classname="testRunner.RunnerClass" name="runScenario" time="15.684"/>
  <testcase classname="testRunner.RunnerClass" name="runScenario" time="4.096"/>
  <testcase classname="testRunner.RunnerClass" name="runScenario" time="4.178"/>
  <testcase classname="testRunner.RunnerClass" name="runScenario" time="15.212"/>
  <testcase classname="testRunner.RunnerClass" name="runScenario" time="7.005"/>
</testsuite> <!-- testRunner.RunnerClass -->
