<?xml version="1.0" encoding="UTF-8"?>
<!-- Generated by org.testng.reporters.JUnitReportReporter -->
<testsuite hostname="TVDI-018" failures="0" tests="18" name="testRunner.RunnerClass" time="202.029" errors="0" timestamp="2025-01-08T12:38:44 IST" skipped="0">
  <testcase classname="testRunner.RunnerClass" name="runScenario" time="4.265"/>
  <testcase classname="testRunner.RunnerClass" name="runScenario" time="5.440"/>
  <testcase classname="testRunner.RunnerClass" name="runScenario" time="4.430"/>
  <testcase classname="testRunner.RunnerClass" name="runScenario" time="16.222"/>
  <testcase classname="testRunner.RunnerClass" name="runScenario" time="8.028"/>
  <testcase classname="testRunner.RunnerClass" name="runScenario" time="4.244"/>
  <testcase classname="testRunner.RunnerClass" name="runScenario" time="16.141"/>
  <testcase classname="testRunner.RunnerClass" name="runScenario" time="15.860"/>
  <testcase classname="testRunner.RunnerClass" name="runScenario" time="7.523"/>
  <testcase classname="testRunner.RunnerClass" name="runScenario" time="15.928"/>
  <testcase classname="testRunner.RunnerClass" name="runScenario" time="15.835"/>
  <testcase classname="testRunner.RunnerClass" name="runScenario" time="16.028"/>
  <testcase classname="testRunner.RunnerClass" name="runScenario" time="15.917"/>
  <testcase classname="testRunner.RunnerClass" name="runScenario" time="4.211"/>
  <testcase classname="testRunner.RunnerClass" name="runScenario" time="15.830"/>
  <testcase classname="testRunner.RunnerClass" name="runScenario" time="15.959"/>
  <testcase classname="testRunner.RunnerClass" name="runScenario" time="15.936"/>
  <testcase classname="testRunner.RunnerClass" name="runScenario" time="4.232"/>
</testsuite> <!-- testRunner.RunnerClass -->
