<?xml version="1.0" encoding="UTF-8"?>
<!-- Generated by org.testng.reporters.JUnitReportReporter -->
<testsuite hostname="TVDI-018" failures="0" tests="4" name="testRunner.RunnerClass" time="0.172" errors="0" timestamp="2025-01-03T20:34:45 IST" skipped="0">
  <testcase classname="testRunner.RunnerClass" name="runScenario" time="0.116"/>
  <testcase classname="testRunner.RunnerClass" name="runScenario" time="0.018"/>
  <testcase classname="testRunner.RunnerClass" name="runScenario" time="0.015"/>
  <testcase classname="testRunner.RunnerClass" name="runScenario" time="0.023"/>
</testsuite> <!-- testRunner.RunnerClass -->
