<?xml version="1.0" encoding="UTF-8"?>
<!-- Generated by org.testng.reporters.JUnitReportReporter -->
<testsuite hostname="TVDI-018" failures="0" tests="6" name="testRunner.RunnerClass" time="35.516" errors="0" timestamp="2025-01-07T18:10:03 IST" skipped="0">
  <testcase classname="testRunner.RunnerClass" name="runScenario" time="3.895"/>
  <testcase classname="testRunner.RunnerClass" name="runScenario" time="7.190"/>
  <testcase classname="testRunner.RunnerClass" name="runScenario" time="3.877"/>
  <testcase classname="testRunner.RunnerClass" name="runScenario" time="9.258"/>
  <testcase classname="testRunner.RunnerClass" name="runScenario" time="7.343"/>
  <testcase classname="testRunner.RunnerClass" name="runScenario" time="3.953"/>
</testsuite> <!-- testRunner.RunnerClass -->
