<?xml version="1.0" encoding="UTF-8"?>
<!-- Generated by org.testng.reporters.JUnitReportReporter -->
<testsuite hostname="L-INE-CBRCQG3" failures="0" tests="1" name="testRunner.RunnerClass" time="3.527" errors="0" timestamp="2025-01-12T20:42:27 IST" skipped="0">
  <testcase classname="testRunner.RunnerClass" name="runScenario" time="3.527"/>
</testsuite> <!-- testRunner.RunnerClass -->
