<?xml version="1.0" encoding="UTF-8"?>
<!-- Generated by org.testng.reporters.JUnitReportReporter -->
<testsuite hostname="TVDI-018" failures="0" tests="4" name="testRunner.RunnerClass" time="21.497" errors="0" timestamp="2025-01-03T19:39:47 IST" skipped="0">
  <testcase classname="testRunner.RunnerClass" name="runScenario" time="4.067"/>
  <testcase classname="testRunner.RunnerClass" name="runScenario" time="9.158"/>
  <testcase classname="testRunner.RunnerClass" name="runScenario" time="4.037"/>
  <testcase classname="testRunner.RunnerClass" name="runScenario" time="4.235"/>
</testsuite> <!-- testRunner.RunnerClass -->
