<?xml version="1.0" encoding="UTF-8"?>
<!-- Generated by org.testng.reporters.JUnitReportReporter -->
<testsuite hostname="L-INE-CBRCQG3" failures="0" tests="4" name="testRunner.RunnerClass" time="67.034" errors="0" timestamp="2025-01-17T22:24:57 IST" skipped="0">
  <testcase classname="testRunner.RunnerClass" name="runScenario" time="17.358"/>
  <testcase classname="testRunner.RunnerClass" name="runScenario" time="16.484"/>
  <testcase classname="testRunner.RunnerClass" name="runScenario" time="16.579"/>
  <testcase classname="testRunner.RunnerClass" name="runScenario" time="16.613"/>
</testsuite> <!-- testRunner.RunnerClass -->
