<?xml version="1.0" encoding="UTF-8"?>
<!-- Generated by org.testng.reporters.JUnitReportReporter -->
<testsuite hostname="L-INE-CBRCQG3" failures="0" tests="13" name="testRunner.RunnerClass" time="89.340" errors="0" timestamp="2025-01-12T18:55:34 IST" skipped="0">
  <testcase classname="testRunner.RunnerClass" name="runScenario" time="6.980"/>
  <testcase classname="testRunner.RunnerClass" name="runScenario" time="3.899"/>
  <testcase classname="testRunner.RunnerClass" name="runScenario" time="4.546"/>
  <testcase classname="testRunner.RunnerClass" name="runScenario" time="15.130"/>
  <testcase classname="testRunner.RunnerClass" name="runScenario" time="3.886"/>
  <testcase classname="testRunner.RunnerClass" name="runScenario" time="4.722"/>
  <testcase classname="testRunner.RunnerClass" name="runScenario" time="7.887"/>
  <testcase classname="testRunner.RunnerClass" name="runScenario" time="4.535"/>
  <testcase classname="testRunner.RunnerClass" name="runScenario" time="17.341"/>
  <testcase classname="testRunner.RunnerClass" name="runScenario" time="3.724"/>
  <testcase classname="testRunner.RunnerClass" name="runScenario" time="8.092"/>
  <testcase classname="testRunner.RunnerClass" name="runScenario" time="3.928"/>
  <testcase classname="testRunner.RunnerClass" name="runScenario" time="4.670"/>
</testsuite> <!-- testRunner.RunnerClass -->
