<?xml version="1.0" encoding="UTF-8"?>
<!-- Generated by org.testng.reporters.JUnitReportReporter -->
<testsuite hostname="TVDI-018" failures="0" tests="10" name="testRunner.RunnerClass" time="100.394" errors="0" timestamp="2024-12-24T11:39:32 IST" skipped="0">
  <testcase classname="testRunner.RunnerClass" name="runScenario" time="10.142"/>
  <testcase classname="testRunner.RunnerClass" name="runScenario" time="9.882"/>
  <testcase classname="testRunner.RunnerClass" name="runScenario" time="9.781"/>
  <testcase classname="testRunner.RunnerClass" name="runScenario" time="10.327"/>
  <testcase classname="testRunner.RunnerClass" name="runScenario" time="9.831"/>
  <testcase classname="testRunner.RunnerClass" name="runScenario" time="10.721"/>
  <testcase classname="testRunner.RunnerClass" name="runScenario" time="9.874"/>
  <testcase classname="testRunner.RunnerClass" name="runScenario" time="9.951"/>
  <testcase classname="testRunner.RunnerClass" name="runScenario" time="9.823"/>
  <testcase classname="testRunner.RunnerClass" name="runScenario" time="10.062"/>
</testsuite> <!-- testRunner.RunnerClass -->
