<?xml version="1.0" encoding="UTF-8"?>
<!-- Generated by org.testng.reporters.JUnitReportReporter -->
<testsuite hostname="TVDI-018" failures="0" tests="9" name="testRunner.RunnerClass" time="0.325" errors="0" timestamp="2025-01-07T13:17:48 IST" skipped="0">
  <testcase classname="testRunner.RunnerClass" name="runScenario" time="0.023"/>
  <testcase classname="testRunner.RunnerClass" name="runScenario" time="0.038"/>
  <testcase classname="testRunner.RunnerClass" name="runScenario" time="0.025"/>
  <testcase classname="testRunner.RunnerClass" name="runScenario" time="0.020"/>
  <testcase classname="testRunner.RunnerClass" name="runScenario" time="0.024"/>
  <testcase classname="testRunner.RunnerClass" name="runScenario" time="0.030"/>
  <testcase classname="testRunner.RunnerClass" name="runScenario" time="0.042"/>
  <testcase classname="testRunner.RunnerClass" name="runScenario" time="0.110"/>
  <testcase classname="testRunner.RunnerClass" name="runScenario" time="0.013"/>
</testsuite> <!-- testRunner.RunnerClass -->
