<?xml version="1.0" encoding="UTF-8"?>
<!-- Generated by org.testng.reporters.JUnitReportReporter -->
<testsuite hostname="TVDI-018" failures="0" tests="4" name="testRunner.RunnerClass" time="0.169" errors="0" timestamp="2025-01-03T20:06:47 IST" skipped="0">
  <testcase classname="testRunner.RunnerClass" name="runScenario" time="0.112"/>
  <testcase classname="testRunner.RunnerClass" name="runScenario" time="0.018"/>
  <testcase classname="testRunner.RunnerClass" name="runScenario" time="0.018"/>
  <testcase classname="testRunner.RunnerClass" name="runScenario" time="0.021"/>
</testsuite> <!-- testRunner.RunnerClass -->
