<?xml version="1.0" encoding="UTF-8"?>
<!-- Generated by org.testng.reporters.JUnitReportReporter -->
<testsuite hostname="L-INE-CBRCQG3" failures="0" tests="1" name="testRunner.RunnerClass" time="20.539" errors="0" timestamp="2025-01-16T16:01:35 IST" skipped="0">
  <testcase classname="testRunner.RunnerClass" name="runScenario" time="20.539"/>
</testsuite> <!-- testRunner.RunnerClass -->
