<?xml version="1.0" encoding="UTF-8"?>
<!-- Generated by org.testng.reporters.JUnitReportReporter -->
<testsuite hostname="L-INE-CBRCQG3" failures="0" tests="20" name="testRunner.RunnerClass" time="216.029" errors="0" timestamp="2025-01-12T18:31:13 IST" skipped="0">
  <testcase classname="testRunner.RunnerClass" name="runScenario" time="15.302"/>
  <testcase classname="testRunner.RunnerClass" name="runScenario" time="15.505"/>
  <testcase classname="testRunner.RunnerClass" name="runScenario" time="8.060"/>
  <testcase classname="testRunner.RunnerClass" name="runScenario" time="4.148"/>
  <testcase classname="testRunner.RunnerClass" name="runScenario" time="4.533"/>
  <testcase classname="testRunner.RunnerClass" name="runScenario" time="17.159"/>
  <testcase classname="testRunner.RunnerClass" name="runScenario" time="3.837"/>
  <testcase classname="testRunner.RunnerClass" name="runScenario" time="4.351"/>
  <testcase classname="testRunner.RunnerClass" name="runScenario" time="15.618"/>
  <testcase classname="testRunner.RunnerClass" name="runScenario" time="3.870"/>
  <testcase classname="testRunner.RunnerClass" name="runScenario" time="15.097"/>
  <testcase classname="testRunner.RunnerClass" name="runScenario" time="15.571"/>
  <testcase classname="testRunner.RunnerClass" name="runScenario" time="3.890"/>
  <testcase classname="testRunner.RunnerClass" name="runScenario" time="7.080"/>
  <testcase classname="testRunner.RunnerClass" name="runScenario" time="15.540"/>
  <testcase classname="testRunner.RunnerClass" name="runScenario" time="15.575"/>
  <testcase classname="testRunner.RunnerClass" name="runScenario" time="15.097"/>
  <testcase classname="testRunner.RunnerClass" name="runScenario" time="15.637"/>
  <testcase classname="testRunner.RunnerClass" name="runScenario" time="15.590"/>
  <testcase classname="testRunner.RunnerClass" name="runScenario" time="4.569"/>
</testsuite> <!-- testRunner.RunnerClass -->
