<?xml version="1.0" encoding="UTF-8"?>
<!-- Generated by org.testng.reporters.JUnitReportReporter -->
<testsuite hostname="L-INE-CBRCQG3" failures="0" tests="1" name="Try.tryHere" time="4.135" errors="0" timestamp="2025-01-12T17:44:03 IST" skipped="0">
  <testcase classname="Try.tryHere" name="practice" time="4.135"/>
</testsuite> <!-- Try.tryHere -->
