<?xml version="1.0" encoding="UTF-8"?>
<!-- Generated by org.testng.reporters.JUnitReportReporter -->
<testsuite hostname="L-INE-CBRCQG3" failures="0" tests="27" name="testRunner.RunnerClass" time="400.585" errors="1" timestamp="2025-01-13T18:24:48 IST" skipped="0">
  <testcase classname="testRunner.RunnerClass" name="runScenario" time="6.566"/>
  <testcase classname="testRunner.RunnerClass" name="runScenario" time="15.294"/>
  <testcase classname="testRunner.RunnerClass" name="runScenario" time="11.996"/>
  <testcase classname="testRunner.RunnerClass" name="runScenario" time="7.847"/>
  <testcase classname="testRunner.RunnerClass" name="runScenario" time="24.488"/>
  <testcase classname="testRunner.RunnerClass" name="runScenario" time="7.130"/>
  <testcase classname="testRunner.RunnerClass" name="runScenario" time="19.048"/>
  <testcase classname="testRunner.RunnerClass" name="runScenario" time="23.533"/>
  <testcase classname="testRunner.RunnerClass" name="runScenario" time="22.098"/>
  <testcase classname="testRunner.RunnerClass" name="runScenario" time="15.322"/>
  <testcase classname="testRunner.RunnerClass" name="runScenario" time="10.977"/>
  <testcase classname="testRunner.RunnerClass" name="runScenario" time="15.287">
    <error message="Keys to send should be a not null CharSequence" type="java.lang.IllegalArgumentException">
      <![CDATA[java.lang.IllegalArgumentException: Keys to send should be a not null CharSequence
at org.openqa.selenium.remote.RemoteWebElement.sendKeys(RemoteWebElement.java:92)
at stepDefinition.F93_NewInsuranceWithoutOtherFields.user_filled_all_the_fields_without_premium(F93_NewInsuranceWithoutOtherFields.java:193)
at âœ½.User filled all the fields without Premium(file:///C:/Users/skanniyappan/git/ExpleoSurance/src/test/resources/feature9.3_withoutOtherFields.feature:43)
]]>
    </error>
  </testcase> <!-- runScenario -->
  <testcase classname="testRunner.RunnerClass" name="runScenario" time="16.532"/>
  <testcase classname="testRunner.RunnerClass" name="runScenario" time="16.642"/>
  <testcase classname="testRunner.RunnerClass" name="runScenario" time="14.927"/>
  <testcase classname="testRunner.RunnerClass" name="runScenario" time="18.032"/>
  <testcase classname="testRunner.RunnerClass" name="runScenario" time="16.431"/>
  <testcase classname="testRunner.RunnerClass" name="runScenario" time="16.132"/>
  <testcase classname="testRunner.RunnerClass" name="runScenario" time="7.999"/>
  <testcase classname="testRunner.RunnerClass" name="runScenario" time="27.299"/>
  <testcase classname="testRunner.RunnerClass" name="runScenario" time="6.860"/>
  <testcase classname="testRunner.RunnerClass" name="runScenario" time="12.822"/>
  <testcase classname="testRunner.RunnerClass" name="runScenario" time="7.037"/>
  <testcase classname="testRunner.RunnerClass" name="runScenario" time="7.672"/>
  <testcase classname="testRunner.RunnerClass" name="runScenario" time="23.052"/>
  <testcase classname="testRunner.RunnerClass" name="runScenario" time="7.173"/>
  <testcase classname="testRunner.RunnerClass" name="runScenario" time="22.389"/>
</testsuite> <!-- testRunner.RunnerClass -->
