<?xml version="1.0" encoding="UTF-8"?>
<!-- Generated by org.testng.reporters.JUnitReportReporter -->
<testsuite hostname="TVDI-018" failures="0" tests="1" name="testRunner.RunnerClass" time="23.430" errors="0" timestamp="2024-12-27T18:43:01 IST" skipped="0">
  <testcase classname="testRunner.RunnerClass" name="runScenario" time="23.430"/>
</testsuite> <!-- testRunner.RunnerClass -->
